INFO (mo.umac.crawler.QuadTreeCrawler:33)- crawling [-178.443593,-154.75579199999999,18.86546,28.517269]
INFO (mo.umac.crawler.CrawlerStrategy:261)- http://local.yahooapis.com/LocalSearchService/V3/localSearch?appid=l6QevFbV34H1VKW58naZ8keJohc8NkMNvuWfVs2lR3ROJMtw63XOWBePbDcMBFfkDnU-&query=*&results=20&start=1&latitude=23.6913645&longitude=-166.5996925&radius=832.3191898983862
DEBUG (mo.umac.crawler.CrawlerStrategy:304)- fetching... http://local.yahooapis.com/LocalSearchService/V3/localSearch?appid=l6QevFbV34H1VKW58naZ8keJohc8NkMNvuWfVs2lR3ROJMtw63XOWBePbDcMBFfkDnU-&query=*&results=20&start=1&latitude=23.6913645&longitude=-166.5996925&radius=832.3191898983862
DEBUG (org.apache.http.impl.conn.PoolingClientConnectionManager:186)- Connection request: [route: {}->http://local.yahooapis.com][total kept alive: 0; route allocated: 0 of 2; total allocated: 0 of 20]
DEBUG (org.apache.http.impl.conn.PoolingClientConnectionManager:220)- Connection leased: [id: 0][route: {}->http://local.yahooapis.com][total kept alive: 0; route allocated: 1 of 2; total allocated: 1 of 20]
DEBUG (org.apache.http.impl.conn.DefaultClientConnectionOperator:177)- Connecting to local.yahooapis.com:80
DEBUG (org.apache.http.client.protocol.RequestAddCookies:132)- CookieSpec selected: best-match
DEBUG (org.apache.http.client.protocol.RequestAuthCache:78)- Auth cache not set in the context
DEBUG (org.apache.http.client.protocol.RequestTargetAuthentication:78)- Target auth state: UNCHALLENGED
DEBUG (org.apache.http.client.protocol.RequestProxyAuthentication:87)- Proxy auth state: UNCHALLENGED
DEBUG (org.apache.http.impl.client.DefaultHttpClient:710)- Attempt 1 to execute request
DEBUG (org.apache.http.impl.conn.DefaultClientConnection:269)- Sending request: GET /LocalSearchService/V3/localSearch?appid=l6QevFbV34H1VKW58naZ8keJohc8NkMNvuWfVs2lR3ROJMtw63XOWBePbDcMBFfkDnU-&query=*&results=20&start=1&latitude=23.6913645&longitude=-166.5996925&radius=832.3191898983862 HTTP/1.1
DEBUG (org.apache.http.wire:63)- >> "GET /LocalSearchService/V3/localSearch?appid=l6QevFbV34H1VKW58naZ8keJohc8NkMNvuWfVs2lR3ROJMtw63XOWBePbDcMBFfkDnU-&query=*&results=20&start=1&latitude=23.6913645&longitude=-166.5996925&radius=832.3191898983862 HTTP/1.1[\r][\n]"
DEBUG (org.apache.http.wire:63)- >> "Host: local.yahooapis.com[\r][\n]"
DEBUG (org.apache.http.wire:63)- >> "Connection: Keep-Alive[\r][\n]"
DEBUG (org.apache.http.wire:63)- >> "[\r][\n]"
DEBUG (org.apache.http.headers:273)- >> GET /LocalSearchService/V3/localSearch?appid=l6QevFbV34H1VKW58naZ8keJohc8NkMNvuWfVs2lR3ROJMtw63XOWBePbDcMBFfkDnU-&query=*&results=20&start=1&latitude=23.6913645&longitude=-166.5996925&radius=832.3191898983862 HTTP/1.1
DEBUG (org.apache.http.headers:276)- >> Host: local.yahooapis.com
DEBUG (org.apache.http.headers:276)- >> Connection: Keep-Alive
DEBUG (org.apache.http.wire:63)- << "HTTP/1.1 200 OK[\r][\n]"
DEBUG (org.apache.http.wire:63)- << "Date: Wed, 09 Jan 2013 03:32:47 GMT[\r][\n]"
DEBUG (org.apache.http.wire:63)- << "P3P: policyref="http://info.yahoo.com/w3c/p3p.xml", CP="CAO DSP COR CUR ADM DEV TAI PSA PSD IVAi IVDi CONi TELo OTPi OUR DELi SAMi OTRi UNRi PUBi IND PHY ONL UNI PUR FIN COM NAV INT DEM CNT STA POL HEA PRE LOC GOV"[\r][\n]"
DEBUG (org.apache.http.wire:63)- << "Vary: Accept-Encoding[\r][\n]"
DEBUG (org.apache.http.wire:63)- << "Connection: close[\r][\n]"
DEBUG (org.apache.http.wire:63)- << "Transfer-Encoding: chunked[\r][\n]"
DEBUG (org.apache.http.wire:63)- << "Content-Type: text/xml; charset=utf-8[\r][\n]"
DEBUG (org.apache.http.wire:63)- << "Cache-Control: private[\r][\n]"
DEBUG (org.apache.http.wire:63)- << "[\r][\n]"
DEBUG (org.apache.http.impl.conn.DefaultClientConnection:254)- Receiving response: HTTP/1.1 200 OK
DEBUG (org.apache.http.headers:257)- << HTTP/1.1 200 OK
DEBUG (org.apache.http.headers:260)- << Date: Wed, 09 Jan 2013 03:32:47 GMT
DEBUG (org.apache.http.headers:260)- << P3P: policyref="http://info.yahoo.com/w3c/p3p.xml", CP="CAO DSP COR CUR ADM DEV TAI PSA PSD IVAi IVDi CONi TELo OTPi OUR DELi SAMi OTRi UNRi PUBi IND PHY ONL UNI PUR FIN COM NAV INT DEM CNT STA POL HEA PRE LOC GOV"
DEBUG (org.apache.http.headers:260)- << Vary: Accept-Encoding
DEBUG (org.apache.http.headers:260)- << Connection: close
DEBUG (org.apache.http.headers:260)- << Transfer-Encoding: chunked
DEBUG (org.apache.http.headers:260)- << Content-Type: text/xml; charset=utf-8
DEBUG (org.apache.http.headers:260)- << Cache-Control: private
DEBUG (org.apache.http.wire:63)- << "1a6    [\r][\n]"
DEBUG (org.apache.http.wire:63)- << "<?xml version="1.0"?>[\n]"
DEBUG (org.apache.http.wire:63)- << "<ResultSet xmlns:xsi="http://www.w3.org/2001/XMLSchema-instance" xmlns="urn:yahoo:lcl" xsi:schemaLocation="urn:yahoo:lcl http://local.yahooapis.com/LocalSearchService/V3/LocalSearchResponse.xsd" totalResultsAvailable="0" totalResultsReturned="0" firstResultPosition="1"><ResultSetMapUrl></ResultSetMapUrl></ResultSet>[\n]"
DEBUG (org.apache.http.wire:63)- << "[\n]"
DEBUG (org.apache.http.wire:63)- << "<!-- ydn3.ls.gq1.yahoo.com uncompressed/chunked Wed Jan  9 03:32:47 UTC 2013 -->[\n]"
DEBUG (org.apache.http.wire:63)- << "[\r][\n]"
DEBUG (org.apache.http.wire:63)- << "0[\r][\n]"
DEBUG (org.apache.http.wire:63)- << "[\r][\n]"
DEBUG (org.apache.http.impl.conn.DefaultClientConnection:169)- Connection 0.0.0.0:36114<->63.250.216.118:80 closed
DEBUG (org.apache.http.impl.conn.PoolingClientConnectionManager:281)- Connection released: [id: 0][route: {}->http://local.yahooapis.com][total kept alive: 0; route allocated: 0 of 2; total allocated: 0 of 20]
INFO (mo.umac.crawler.QuadTreeCrawler:33)- crawling [-94.617919,-89.644395,33.004106,36.499749]
INFO (mo.umac.crawler.CrawlerStrategy:261)- http://local.yahooapis.com/LocalSearchService/V3/localSearch?appid=l6QevFbV34H1VKW58naZ8keJohc8NkMNvuWfVs2lR3ROJMtw63XOWBePbDcMBFfkDnU-&query=*&results=20&start=1&latitude=34.7519275&longitude=-92.131157&radius=186.93216448125804
DEBUG (mo.umac.crawler.CrawlerStrategy:304)- fetching... http://local.yahooapis.com/LocalSearchService/V3/localSearch?appid=l6QevFbV34H1VKW58naZ8keJohc8NkMNvuWfVs2lR3ROJMtw63XOWBePbDcMBFfkDnU-&query=*&results=20&start=1&latitude=34.7519275&longitude=-92.131157&radius=186.93216448125804
DEBUG (org.apache.http.impl.conn.PoolingClientConnectionManager:186)- Connection request: [route: {}->http://local.yahooapis.com][total kept alive: 0; route allocated: 0 of 2; total allocated: 0 of 20]
DEBUG (org.apache.http.impl.conn.PoolingClientConnectionManager:220)- Connection leased: [id: 1][route: {}->http://local.yahooapis.com][total kept alive: 0; route allocated: 1 of 2; total allocated: 1 of 20]
DEBUG (org.apache.http.impl.conn.DefaultClientConnectionOperator:177)- Connecting to local.yahooapis.com:80
DEBUG (org.apache.http.client.protocol.RequestAddCookies:132)- CookieSpec selected: best-match
DEBUG (org.apache.http.client.protocol.RequestAuthCache:78)- Auth cache not set in the context
DEBUG (org.apache.http.client.protocol.RequestTargetAuthentication:78)- Target auth state: UNCHALLENGED
DEBUG (org.apache.http.client.protocol.RequestProxyAuthentication:87)- Proxy auth state: UNCHALLENGED
DEBUG (org.apache.http.impl.client.DefaultHttpClient:710)- Attempt 1 to execute request
DEBUG (org.apache.http.impl.conn.DefaultClientConnection:269)- Sending request: GET /LocalSearchService/V3/localSearch?appid=l6QevFbV34H1VKW58naZ8keJohc8NkMNvuWfVs2lR3ROJMtw63XOWBePbDcMBFfkDnU-&query=*&results=20&start=1&latitude=34.7519275&longitude=-92.131157&radius=186.93216448125804 HTTP/1.1
DEBUG (org.apache.http.wire:63)- >> "GET /LocalSearchService/V3/localSearch?appid=l6QevFbV34H1VKW58naZ8keJohc8NkMNvuWfVs2lR3ROJMtw63XOWBePbDcMBFfkDnU-&query=*&results=20&start=1&latitude=34.7519275&longitude=-92.131157&radius=186.93216448125804 HTTP/1.1[\r][\n]"
DEBUG (org.apache.http.wire:63)- >> "Host: local.yahooapis.com[\r][\n]"
DEBUG (org.apache.http.wire:63)- >> "Connection: Keep-Alive[\r][\n]"
DEBUG (org.apache.http.wire:63)- >> "[\r][\n]"
DEBUG (org.apache.http.headers:273)- >> GET /LocalSearchService/V3/localSearch?appid=l6QevFbV34H1VKW58naZ8keJohc8NkMNvuWfVs2lR3ROJMtw63XOWBePbDcMBFfkDnU-&query=*&results=20&start=1&latitude=34.7519275&longitude=-92.131157&radius=186.93216448125804 HTTP/1.1
DEBUG (org.apache.http.headers:276)- >> Host: local.yahooapis.com
DEBUG (org.apache.http.headers:276)- >> Connection: Keep-Alive
DEBUG (org.apache.http.wire:63)- << "HTTP/1.1 200 OK[\r][\n]"
DEBUG (org.apache.http.wire:63)- << "Date: Wed, 09 Jan 2013 03:32:48 GMT[\r][\n]"
DEBUG (org.apache.http.wire:63)- << "P3P: policyref="http://info.yahoo.com/w3c/p3p.xml", CP="CAO DSP COR CUR ADM DEV TAI PSA PSD IVAi IVDi CONi TELo OTPi OUR DELi SAMi OTRi UNRi PUBi IND PHY ONL UNI PUR FIN COM NAV INT DEM CNT STA POL HEA PRE LOC GOV"[\r][\n]"
DEBUG (org.apache.http.wire:63)- << "Vary: Accept-Encoding[\r][\n]"
DEBUG (org.apache.http.wire:63)- << "Connection: close[\r][\n]"
DEBUG (org.apache.http.wire:63)- << "Transfer-Encoding: chunked[\r][\n]"
DEBUG (org.apache.http.wire:63)- << "Content-Type: text/xml; charset=utf-8[\r][\n]"
DEBUG (org.apache.http.wire:63)- << "Cache-Control: private[\r][\n]"
DEBUG (org.apache.http.wire:63)- << "[\r][\n]"
DEBUG (org.apache.http.impl.conn.DefaultClientConnection:254)- Receiving response: HTTP/1.1 200 OK
DEBUG (org.apache.http.headers:257)- << HTTP/1.1 200 OK
DEBUG (org.apache.http.headers:260)- << Date: Wed, 09 Jan 2013 03:32:48 GMT
DEBUG (org.apache.http.headers:260)- << P3P: policyref="http://info.yahoo.com/w3c/p3p.xml", CP="CAO DSP COR CUR ADM DEV TAI PSA PSD IVAi IVDi CONi TELo OTPi OUR DELi SAMi OTRi UNRi PUBi IND PHY ONL UNI PUR FIN COM NAV INT DEM CNT STA POL HEA PRE LOC GOV"
DEBUG (org.apache.http.headers:260)- << Vary: Accept-Encoding
DEBUG (org.apache.http.headers:260)- << Connection: close
DEBUG (org.apache.http.headers:260)- << Transfer-Encoding: chunked
DEBUG (org.apache.http.headers:260)- << Content-Type: text/xml; charset=utf-8
DEBUG (org.apache.http.headers:260)- << Cache-Control: private
DEBUG (org.apache.http.wire:63)- << "5615   [\r][\n]"
DEBUG (org.apache.http.wire:63)- << "<?xml version="1.0"?>[\n]"
DEBUG (org.apache.http.wire:77)- << "<ResultSet xmlns:xsi="http://www.w3.org/2001/XMLSchema-instance" xmlns="urn:yahoo:lcl" xsi:schemaLocation="urn:yahoo:lcl http://local.yahooapis.com/LocalSearchService/V3/LocalSearchResponse.xsd" totalResultsAvailable="5729" totalResultsReturned="20" firstResultPosition="1"><ResultSetMapUrl>http://maps.yahoo.com/broadband/?q1=North+Little+Rock%2C+AR&amp;tt=%2A&amp;tp=1</ResultSetMapUrl><Result id="18368677"><Title>Stonelinks Golf Course</Title><Address>110 Highway 391 N</Address><City>North Little Rock</City><State>AR</State><Phone>(501) 945-0945</Phone><Latitude>34.747495</Latitude><Longitude>-92.126869</Longitude><Rating><AverageRating>4</AverageRating><TotalRatings>2</TotalRatings><TotalReviews>2</TotalReviews><LastReviewDate>1249970816</LastReviewDate><LastReviewIntro>Went there the other day with one of my buddies. It was only about $30 for 18 plus a cart. It is a pretty easy course; however you don&amp;#39;t want to get in the bunkers. That is my one critique for this course...the bunkers are"
DEBUG (org.apache.http.wire:77)- << " not in very good condition. I didn&amp;#39;t get into any bunkers but my buddy did and they were tough to hit out of. The greens role true and if cut low could be very quick. My guess would be around a 10 or so on the stimp. Most of the holes are open and you can see exactly where to hit but there are 4 or 5 tricky holes with lots of water or blind tee shots. #5 and #13 are probably the toughest two out there in my opinion...lots of water on these two in particular. Most of the fairways are wide and the greens aren&amp;#39;t huge so if you hit the fairway and green you can score well on this course. I shot 67 -5 and this was my first time to ever play the course so a low score can easily be had. It would be a good course to play for fun or to take your friends to play because there are some great holes...I hit every club in the bag and had a blast.</LastReviewIntro></Rating><Distance>0.39</Distance><Url>http://local.yahoo.com/info-18368677-stonelinks-golf-course-north-little-rock</Url><ClickUrl>http://local.yahoo.com/info-18368677-stonelinks-golf-course-north-little-rock</ClickUrl><MapUrl>http://local.yahoo.com/info-18368677-stonelinks-golf-course-north-little-rock?viewtype=map</MapUrl><BusinessUrl>http://www.stonelinks.net/</BusinessUrl><BusinessClickUrl>http://www.stonelinks.net/</BusinessClickUrl><Categories><Category id="96928303">Golf Courses</Category></Categories></Result><Result id="18356088"><Title>Swn Sand Company"
DEBUG (org.apache.http.wire:77)- << "</Title><Address>220 Sand River Rd</Address><City>North Little Rock</City><State>AR</State><Phone>(501) 955-3895</Phone><Latitude>34.754346</Latitude><Longitude>-92.137638</Longitude><Rating><AverageRating>NaN</AverageRating><TotalRatings>0</TotalRatings><TotalReviews>0</TotalReviews><LastReviewDate></LastReviewDate><LastReviewIntro></LastReviewIntro></Rating><Distance>0.40</Distance><Url>http://local.yahoo.com/info-18356088-swn-sand-company-north-little-rock</Url><ClickUrl>http://local.yahoo.com/info-18356088-swn-sand-company-north-little-rock</ClickUrl><MapUrl>http://local.yahoo.com/info-18356088-swn-sand-company-north-little-rock?viewtype=map</MapUrl><BusinessUrl></BusinessUrl><BusinessClickUrl></BusinessClickUrl><Categories><Category id="96930613">Contracting Equipment Rental</Category><Category id="96932884">Mineral &amp; Mining Industries</Category></Categories></Result><Result id="46311814"><Title>DE Soto Sand LLC</Title><Address>220 Sand River Rd</Address><City>North Little Rock</City><State>AR</State><Phone>(501) 955-3895</Phone><Latitude>34.754346</Latitude><Longitude>-92.137638</Longitude><Rating><AverageRating>NaN</AverageRating><TotalRatings>0</TotalRatings><TotalReviews>0</TotalReviews><LastReviewDate></LastReviewDate><LastReviewIntro></LastReviewIntro></Rating><Distance>0.40</Distance><Url>http://local.yahoo.com/info-46311814-de-soto-sand-llc-north-little-rock</Url><ClickUrl>http://local.yahoo.com/info-4631181"
DEBUG (org.apache.http.wire:77)- << "4-de-soto-sand-llc-north-little-rock</ClickUrl><MapUrl>http://local.yahoo.com/info-46311814-de-soto-sand-llc-north-little-rock?viewtype=map</MapUrl><BusinessUrl></BusinessUrl><BusinessClickUrl></BusinessClickUrl><Categories/></Result><Result id="18359992"><Title>American Composting Incorporated</Title><Address>11911 Faulkner Lake Rd</Address><City>North Little Rock</City><State>AR</State><Phone>(501) 945-8888</Phone><Latitude>34.743595</Latitude><Longitude>-92.134346</Longitude><Rating><AverageRating>NaN</AverageRating><TotalRatings>0</TotalRatings><TotalReviews>0</TotalReviews><LastReviewDate></LastReviewDate><LastReviewIntro></LastReviewIntro></Rating><Distance>0.60</Distance><Url>http://local.yahoo.com/info-18359992-american-composting-incorporated-north-little-rock</Url><ClickUrl>http://local.yahoo.com/info-18359992-american-composting-incorporated-north-little-rock</ClickUrl><MapUrl>http://local.yahoo.com/info-18359992-american-composting-incorporated-north-little-rock?viewtype=map</MapUrl><BusinessUrl>http://www.americancomposting.com/</BusinessUrl><BusinessClickUrl>http://www.americancomposting.com/</BusinessClickUrl><Categories><Category id="96930004">B2B Recycling</Category><Category id="96929996">Garbage Removal</Category><Category id="96927841">Landscaping</Category><Category id="96931029">Chemicals &amp; Allied Products</Category><Category id="96927844">Lawn &amp; Garden Retailers</Category><Category id="96927839"
DEBUG (org.apache.http.wire:77)- << "">Lawn &amp; Garden Equipment</Category></Categories></Result><Result id="18362113"><Title>Pulaski County Workcenter</Title><Address>1402 Highway 391 N</Address><City>North Little Rock</City><State>AR</State><Phone>(501) 682-0049</Phone><Latitude>34.759376</Latitude><Longitude>-92.125</Longitude><Rating><AverageRating>NaN</AverageRating><TotalRatings>0</TotalRatings><TotalReviews>0</TotalReviews><LastReviewDate></LastReviewDate><LastReviewIntro></LastReviewIntro></Rating><Distance>0.62</Distance><Url>http://local.yahoo.com/info-18362113-pulaski-county-workcenter-north-little-rock</Url><ClickUrl>http://local.yahoo.com/info-18362113-pulaski-county-workcenter-north-little-rock</ClickUrl><MapUrl>http://local.yahoo.com/info-18362113-pulaski-county-workcenter-north-little-rock?viewtype=map</MapUrl><BusinessUrl>http://arkansasforestry.com/</BusinessUrl><BusinessClickUrl>http://arkansasforestry.com/</BusinessClickUrl><Categories><Category id="96927047">Government</Category></Categories></Result><Result id="18359008"><Title>Arkansas Forstry Commission</Title><Address>1402 Highway 391 N</Address><City>North Little Rock</City><State>AR</State><Phone>(501) 907-2485</Phone><Latitude>34.759376</Latitude><Longitude>-92.125</Longitude><Rating><AverageRating>NaN</AverageRating><TotalRatings>0</TotalRatings><TotalReviews>0</TotalReviews><LastReviewDate></LastReviewDate><LastReviewIntro></LastReviewIntro></Rating><Distance>0.62</Distance><Url>"
DEBUG (org.apache.http.wire:77)- << "http://local.yahoo.com/info-18359008-arkansas-forstry-commission-north-little-rock</Url><ClickUrl>http://local.yahoo.com/info-18359008-arkansas-forstry-commission-north-little-rock</ClickUrl><MapUrl>http://local.yahoo.com/info-18359008-arkansas-forstry-commission-north-little-rock?viewtype=map</MapUrl><BusinessUrl></BusinessUrl><BusinessClickUrl></BusinessClickUrl><Categories><Category id="96927833">Nurseries &amp; Greenhouses</Category><Category id="96927047">Government</Category><Category id="96927844">Lawn &amp; Garden Retailers</Category><Category id="96927838">Gardening</Category></Categories></Result><Result id="99149469"><Title>Pro Roofing</Title><Address>1103 Aster Dr</Address><City>North Little Rock</City><State>AR</State><Phone>(501) 961-1404</Phone><Latitude>34.737853</Latitude><Longitude>-92.131136</Longitude><Rating><AverageRating>NaN</AverageRating><TotalRatings>0</TotalRatings><TotalReviews>0</TotalReviews><LastReviewDate></LastReviewDate><LastReviewIntro></LastReviewIntro></Rating><Distance>0.97</Distance><Url>http://local.yahoo.com/info-99149469-pro-roofing-north-little-rock</Url><ClickUrl>http://local.yahoo.com/info-99149469-pro-roofing-north-little-rock</ClickUrl><MapUrl>http://local.yahoo.com/info-99149469-pro-roofing-north-little-rock?viewtype=map</MapUrl><BusinessUrl></BusinessUrl><BusinessClickUrl></BusinessClickUrl><Categories><Category id="96927656">Roofing Contractors</Category><Category id="9693051"
DEBUG (org.apache.http.wire:77)- << "0">B2B Contractors</Category></Categories></Result><Result id="93909052"><Title>Graham Hayward</Title><Address>1100 Bittercress Dr</Address><City>North Little Rock</City><State>AR</State><Phone>(501) 961-1903</Phone><Latitude>34.73755</Latitude><Longitude>-92.13015</Longitude><Rating><AverageRating>NaN</AverageRating><TotalRatings>0</TotalRatings><TotalReviews>0</TotalReviews><LastReviewDate></LastReviewDate><LastReviewIntro></LastReviewIntro></Rating><Distance>1.00</Distance><Url>http://local.yahoo.com/info-93909052-graham-hayward-north-little-rock</Url><ClickUrl>http://local.yahoo.com/info-93909052-graham-hayward-north-little-rock</ClickUrl><MapUrl>http://local.yahoo.com/info-93909052-graham-hayward-north-little-rock?viewtype=map</MapUrl><BusinessUrl></BusinessUrl><BusinessClickUrl></BusinessClickUrl><Categories><Category id="96928631">Graphic Design</Category></Categories></Result><Result id="18366771"><Title>Advanced Learning Academy</Title><Address>917 Aster Dr</Address><City>North Little Rock</City><State>AR</State><Phone>(501) 955-7680</Phone><Latitude>34.736345</Latitude><Longitude>-92.131979</Longitude><Rating><AverageRating>NaN</AverageRating><TotalRatings>0</TotalRatings><TotalReviews>0</TotalReviews><LastReviewDate></LastReviewDate><LastReviewIntro></LastReviewIntro></Rating><Distance>1.08</Distance><Url>http://local.yahoo.com/info-18366771-advanced-learning-academy-north-little-rock</Url><ClickUrl>http://local.y"
DEBUG (org.apache.http.wire:77)- << "ahoo.com/info-18366771-advanced-learning-academy-north-little-rock</ClickUrl><MapUrl>http://local.yahoo.com/info-18366771-advanced-learning-academy-north-little-rock?viewtype=map</MapUrl><BusinessUrl></BusinessUrl><BusinessClickUrl></BusinessClickUrl><Categories><Category id="96928448">High Schools</Category><Category id="96925786">Private &amp; Parochial Schools</Category><Category id="96928449">School Districts</Category></Categories></Result><Result id="93909303"><Title>Bill Middleton CO LLC</Title><Address>13802 Faulkner Lake Rd</Address><City>North Little Rock</City><State>AR</State><Phone>(501) 607-1671</Phone><Latitude>34.744332</Latitude><Longitude>-92.113963</Longitude><Rating><AverageRating>NaN</AverageRating><TotalRatings>0</TotalRatings><TotalReviews>0</TotalReviews><LastReviewDate></LastReviewDate><LastReviewIntro></LastReviewIntro></Rating><Distance>1.11</Distance><Url>http://local.yahoo.com/info-93909303-bill-middleton-co-llc-north-little-rock</Url><ClickUrl>http://local.yahoo.com/info-93909303-bill-middleton-co-llc-north-little-rock</ClickUrl><MapUrl>http://local.yahoo.com/info-93909303-bill-middleton-co-llc-north-little-rock?viewtype=map</MapUrl><BusinessUrl></BusinessUrl><BusinessClickUrl></BusinessClickUrl><Categories><Category id="96934406">Cargo Services</Category></Categories></Result><Result id="18363081"><Title>Dannys Hauling Svc LLC</Title><Address>14018 Baucum Dr</Address><City>North Little Rock</Ci"
DEBUG (org.apache.http.wire:77)- << "ty><State>AR</State><Phone>(501) 961-1564</Phone><Latitude>34.742939</Latitude><Longitude>-92.111908</Longitude><Rating><AverageRating>NaN</AverageRating><TotalRatings>0</TotalRatings><TotalReviews>0</TotalReviews><LastReviewDate></LastReviewDate><LastReviewIntro></LastReviewIntro></Rating><Distance>1.26</Distance><Url>http://local.yahoo.com/info-18363081-dannys-hauling-svc-llc-north-little-rock</Url><ClickUrl>http://local.yahoo.com/info-18363081-dannys-hauling-svc-llc-north-little-rock</ClickUrl><MapUrl>http://local.yahoo.com/info-18363081-dannys-hauling-svc-llc-north-little-rock?viewtype=map</MapUrl><BusinessUrl></BusinessUrl><BusinessClickUrl></BusinessClickUrl><Categories><Category id="96934406">Cargo Services</Category></Categories></Result><Result id="18374348"><Title>Glazer's Distributors-Arkansas</Title><Address>11101 Smitty Ln</Address><City>North Little Rock</City><State>AR</State><Phone>(501) 955-2903</Phone><Latitude>34.731321</Latitude><Longitude>-92.140847</Longitude><Rating><AverageRating>NaN</AverageRating><TotalRatings>0</TotalRatings><TotalReviews>0</TotalReviews><LastReviewDate></LastReviewDate><LastReviewIntro></LastReviewIntro></Rating><Distance>1.53</Distance><Url>http://local.yahoo.com/info-18374348-glazer-s-distributorsarkansas-north-little-rock</Url><ClickUrl>http://local.yahoo.com/info-18374348-glazer-s-distributorsarkansas-north-little-rock</ClickUrl><MapUrl>http://local.yahoo.com/info-18374348-gla"
DEBUG (org.apache.http.wire:77)- << "zer-s-distributorsarkansas-north-little-rock?viewtype=map</MapUrl><BusinessUrl>http://glazers.com/</BusinessUrl><BusinessClickUrl>http://glazers.com/</BusinessClickUrl><Categories><Category id="96930673">B2B Food Wholesalers</Category></Categories></Result><Result id="89437836"><Title>Evans Yolanda</Title><Address>13916 Brokenhurst Cir</Address><City>North Little Rock</City><State>AR</State><Phone>(501) 737-8033</Phone><Latitude>34.744947</Latitude><Longitude>-92.108798</Longitude><Rating><AverageRating>NaN</AverageRating><TotalRatings>0</TotalRatings><TotalReviews>0</TotalReviews><LastReviewDate></LastReviewDate><LastReviewIntro></LastReviewIntro></Rating><Distance>1.36</Distance><Url>http://local.yahoo.com/info-89437836-evans-yolanda-north-little-rock</Url><ClickUrl>http://local.yahoo.com/info-89437836-evans-yolanda-north-little-rock</ClickUrl><MapUrl>http://local.yahoo.com/info-89437836-evans-yolanda-north-little-rock?viewtype=map</MapUrl><BusinessUrl></BusinessUrl><BusinessClickUrl></BusinessClickUrl><Categories/></Result><Result id="56632246"><Title>Trinity Apparel &amp; Gifts</Title><Address>14025 Knighton Cv</Address><City>North Little Rock</City><State>AR</State><Phone>(501) 812-2000</Phone><Latitude>34.745739</Latitude><Longitude>-92.108232</Longitude><Rating><AverageRating>NaN</AverageRating><TotalRatings>0</TotalRatings><TotalReviews>0</TotalReviews><LastReviewDate></LastReviewDate><LastReviewIntro></LastReviewInt"
DEBUG (org.apache.http.wire:77)- << "ro></Rating><Distance>1.37</Distance><Url>http://local.yahoo.com/info-56632246-trinity-apparel-gifts-north-little-rock</Url><ClickUrl>http://local.yahoo.com/info-56632246-trinity-apparel-gifts-north-little-rock</ClickUrl><MapUrl>http://local.yahoo.com/info-56632246-trinity-apparel-gifts-north-little-rock?viewtype=map</MapUrl><BusinessUrl>http://tagg1.com/</BusinessUrl><BusinessClickUrl>http://tagg1.com/</BusinessClickUrl><Categories><Category id="96928510">Women's Clothing</Category></Categories></Result><Result id="93909126"><Title>Quality Rpz &amp; Backflow Service</Title><Address>14323 Baucum Dr</Address><City>North Little Rock</City><State>AR</State><Phone>(501) 961-9092</Phone><Latitude>34.743164</Latitude><Longitude>-92.109255</Longitude><Rating><AverageRating>NaN</AverageRating><TotalRatings>0</TotalRatings><TotalReviews>0</TotalReviews><LastReviewDate></LastReviewDate><LastReviewIntro></LastReviewIntro></Rating><Distance>1.38</Distance><Url>http://local.yahoo.com/info-93909126-quality-rpz-backflow-service-north-little-rock</Url><ClickUrl>http://local.yahoo.com/info-93909126-quality-rpz-backflow-service-north-little-rock</ClickUrl><MapUrl>http://local.yahoo.com/info-93909126-quality-rpz-backflow-service-north-little-rock?viewtype=map</MapUrl><BusinessUrl></BusinessUrl><BusinessClickUrl></BusinessClickUrl><Categories/></Result><Result id="25656811"><Title>Vouk Transportation</Title><Address>701 Judi Dr</Address><City>N"
DEBUG (org.apache.http.wire:77)- << "orth Little Rock</City><State>AR</State><Phone>(501) 945-4541</Phone><Latitude>34.734815</Latitude><Longitude>-92.144142</Longitude><Rating><AverageRating>NaN</AverageRating><TotalRatings>0</TotalRatings><TotalReviews>0</TotalReviews><LastReviewDate></LastReviewDate><LastReviewIntro></LastReviewIntro></Rating><Distance>1.39</Distance><Url>http://local.yahoo.com/info-25656811-vouk-transportation-north-little-rock</Url><ClickUrl>http://local.yahoo.com/info-25656811-vouk-transportation-north-little-rock</ClickUrl><MapUrl>http://local.yahoo.com/info-25656811-vouk-transportation-north-little-rock?viewtype=map</MapUrl><BusinessUrl></BusinessUrl><BusinessClickUrl></BusinessClickUrl><Categories><Category id="96934406">Cargo Services</Category><Category id="96932375">B2B Trucks</Category></Categories></Result><Result id="129219191"><Title>Cooper Farm</Title><Address>Brett Rd &amp; Faulkner Lake Rd</Address><City>North Little Rock</City><State>AR</State><Phone></Phone><Latitude>34.747391</Latitude><Longitude>-92.155729</Longitude><Rating><AverageRating>NaN</AverageRating><TotalRatings>0</TotalRatings><TotalReviews>0</TotalReviews><LastReviewDate></LastReviewDate><LastReviewIntro></LastReviewIntro></Rating><Distance>1.43</Distance><Url>http://local.yahoo.com/info-129219191-cooper-farm-north-little-rock</Url><ClickUrl>http://local.yahoo.com/info-129219191-cooper-farm-north-little-rock</ClickUrl><MapUrl>http://local.yahoo.com/info-129219"
DEBUG (org.apache.http.wire:77)- << "191-cooper-farm-north-little-rock?viewtype=map</MapUrl><BusinessUrl>http://www.ticketsnow.com/Eventsatvenue.aspx?VID=6990</BusinessUrl><BusinessClickUrl>http://www.ticketsnow.com/Eventsatvenue.aspx?VID=6990</BusinessClickUrl><Categories/></Result><Result id="18363867"><Title>Family Leisure</Title><Address>8901 Faulkner Lake Rd</Address><City>North Little Rock</City><State>AR</State><Phone>(501) 945-4900</Phone><Latitude>34.747651</Latitude><Longitude>-92.160177</Longitude><Rating><AverageRating>1</AverageRating><TotalRatings>4</TotalRatings><TotalReviews>4</TotalReviews><LastReviewDate>1309282810</LastReviewDate><LastReviewIntro>We bought a pool from Family Leisure two summers ago. We are beginning our third summer since buying the pool. Our pump went out tonight and we now have to buy a THIRD pump!!! IT is an ECO-Kleer pump......DO NOT BUY IT!!! And Family Leisure does not guarantee the replacement pumps....hmmm.....I wonder why???</LastReviewIntro></Rating><Distance>1.68</Distance><Url>http://local.yahoo.com/info-18363867-family-leisure-north-little-rock</Url><ClickUrl>http://local.yahoo.com/info-18363867-family-leisure-north-little-rock</ClickUrl><MapUrl>http://local.yahoo.com/info-18363867-family-leisure-north-little-rock?viewtype=map</MapUrl><BusinessUrl>http://watsons.com/</BusinessUrl><BusinessClickUrl>http://watsons.com/</BusinessClickUrl><Categories><Category id="96937225">Billiard Supplies</Category><Category id="9"
DEBUG (org.apache.http.wire:77)- << "6927751">Outdoor Furniture</Category><Category id="96925911">Pools, Spas, &amp; Saunas</Category><Category id="96925738">Tanning Salons</Category><Category id="96925976">Sporting Goods</Category><Category id="96931011">Home &amp; Garden Supplies</Category><Category id="96927842">Playground Equipment</Category><Category id="96930510">B2B Contractors</Category></Categories></Result><Result id="39234904"><Title>B &amp; B Materials</Title><Address>11210 Highway 165</Address><City>North Little Rock</City><State>AR</State><Phone>(501) 945-7222</Phone><Latitude>34.728766</Latitude><Longitude>-92.13633</Longitude><Rating><AverageRating>NaN</AverageRating><TotalRatings>0</TotalRatings><TotalReviews>0</TotalReviews><LastReviewDate></LastReviewDate><LastReviewIntro></LastReviewIntro></Rating><Distance>1.63</Distance><Url>http://local.yahoo.com/info-39234904-b-b-materials-north-little-rock</Url><ClickUrl>http://local.yahoo.com/info-39234904-b-b-materials-north-little-rock</ClickUrl><MapUrl>http://local.yahoo.com/info-39234904-b-b-materials-north-little-rock?viewtype=map</MapUrl><BusinessUrl></BusinessUrl><BusinessClickUrl></BusinessClickUrl><Categories><Category id="96927841">Landscaping</Category><Category id="96930613">Contracting Equipment Rental</Category><Category id="96932884">Mineral &amp; Mining Industries</Category></Categories></Result><Result id="64001249"><Title>Fedex Ground</Title><Address>801 Fiber Optic Dr</Address><City>"
DEBUG (org.apache.http.wire:77)- << "North Little Rock</City><State>AR</State><Phone>(501) 945-6368</Phone><Latitude>34.73402</Latitude><Longitude>-92.149461</Longitude><Rating><AverageRating>1</AverageRating><TotalRatings>1</TotalRatings><TotalReviews>1</TotalReviews><LastReviewDate>1273515895</LastReviewDate><LastReviewIntro>I get an average of 1or2 packages per week. There is one ground driver who does a beautiful job of communication with me. Today was a very eventful day. I called on 5/4/10 to advise that I would be unavailabe until today/10 started calling this morning about 7am to confirm my holding delivery assured that it was on the delivey truck called back around 2pm assured it would be delivered called back around 5pm told I would receive it by 7pm finally called back at 8:45 or so and was told that the packqage is still at the station. I have waited the entire day for a delivery that wasn&amp;#39;t deliverable. At this late date I must delay my activities another day or make arrangements for self pickup (added duplicated expense. I have customers expecting their product. My intergerity demands that I act. I am very upset and irritated with Fedex for this inconveince and delay of expected consumer products. P.S. My regular delivery gentleman does an excellent job of communicating with me as that I have weekly deliveries in excess of 15 or 20. I know and hope it will be better as we will continue to use fedex as our delivery of choice unless occurren"
DEBUG (org.apache.http.wire:63)- << "ce like this one happens again. I don&amp;#39;t want this rating to affect my regular guy with 615 TN area code. He does an excellent job.</LastReviewIntro></Rating><Distance>1.62</Distance><Url>http://local.yahoo.com/info-64001249-fedex-ground-north-little-rock</Url><ClickUrl>http://local.yahoo.com/info-64001249-fedex-ground-north-little-rock</ClickUrl><MapUrl>http://local.yahoo.com/info-64001249-fedex-ground-north-little-rock?viewtype=map</MapUrl><BusinessUrl>http://fedex.com/</BusinessUrl><BusinessClickUrl>http://fedex.com/</BusinessClickUrl><Categories><Category id="96928787">Courier Services</Category></Categories></Result></ResultSet>[\n]"
DEBUG (org.apache.http.wire:63)- << "[\n]"
DEBUG (org.apache.http.wire:63)- << "<!-- ydn1.ls.gq1.yahoo.com uncompressed/chunked Wed Jan  9 03:32:48 UTC 2013 -->[\n]"
DEBUG (org.apache.http.wire:63)- << "[\r][\n]"
DEBUG (org.apache.http.wire:63)- << "0[\r][\n]"
DEBUG (org.apache.http.wire:63)- << "[\r][\n]"
DEBUG (org.apache.http.impl.conn.DefaultClientConnection:169)- Connection 0.0.0.0:36115<->63.250.216.118:80 closed
DEBUG (org.apache.http.impl.conn.PoolingClientConnectionManager:281)- Connection released: [id: 1][route: {}->http://local.yahooapis.com][total kept alive: 0; route allocated: 0 of 2; total allocated: 0 of 20]
INFO (mo.umac.crawler.CrawlerStrategy:261)- http://local.yahooapis.com/LocalSearchService/V3/localSearch?appid=l6QevFbV34H1VKW58naZ8keJohc8NkMNvuWfVs2lR3ROJMtw63XOWBePbDcMBFfkDnU-&query=*&results=20&start=21&latitude=34.7519275&longitude=-92.131157&radius=186.93216448125804
DEBUG (mo.umac.crawler.CrawlerStrategy:304)- fetching... http://local.yahooapis.com/LocalSearchService/V3/localSearch?appid=l6QevFbV34H1VKW58naZ8keJohc8NkMNvuWfVs2lR3ROJMtw63XOWBePbDcMBFfkDnU-&query=*&results=20&start=21&latitude=34.7519275&longitude=-92.131157&radius=186.93216448125804
DEBUG (org.apache.http.impl.conn.PoolingClientConnectionManager:186)- Connection request: [route: {}->http://local.yahooapis.com][total kept alive: 0; route allocated: 0 of 2; total allocated: 0 of 20]
DEBUG (org.apache.http.impl.conn.PoolingClientConnectionManager:220)- Connection leased: [id: 2][route: {}->http://local.yahooapis.com][total kept alive: 0; route allocated: 1 of 2; total allocated: 1 of 20]
DEBUG (org.apache.http.impl.conn.DefaultClientConnectionOperator:177)- Connecting to local.yahooapis.com:80
DEBUG (org.apache.http.client.protocol.RequestAddCookies:132)- CookieSpec selected: best-match
DEBUG (org.apache.http.client.protocol.RequestAuthCache:78)- Auth cache not set in the context
DEBUG (org.apache.http.client.protocol.RequestTargetAuthentication:78)- Target auth state: UNCHALLENGED
DEBUG (org.apache.http.client.protocol.RequestProxyAuthentication:87)- Proxy auth state: UNCHALLENGED
DEBUG (org.apache.http.impl.client.DefaultHttpClient:710)- Attempt 1 to execute request
DEBUG (org.apache.http.impl.conn.DefaultClientConnection:269)- Sending request: GET /LocalSearchService/V3/localSearch?appid=l6QevFbV34H1VKW58naZ8keJohc8NkMNvuWfVs2lR3ROJMtw63XOWBePbDcMBFfkDnU-&query=*&results=20&start=21&latitude=34.7519275&longitude=-92.131157&radius=186.93216448125804 HTTP/1.1
DEBUG (org.apache.http.wire:63)- >> "GET /LocalSearchService/V3/localSearch?appid=l6QevFbV34H1VKW58naZ8keJohc8NkMNvuWfVs2lR3ROJMtw63XOWBePbDcMBFfkDnU-&query=*&results=20&start=21&latitude=34.7519275&longitude=-92.131157&radius=186.93216448125804 HTTP/1.1[\r][\n]"
DEBUG (org.apache.http.wire:63)- >> "Host: local.yahooapis.com[\r][\n]"
DEBUG (org.apache.http.wire:63)- >> "Connection: Keep-Alive[\r][\n]"
DEBUG (org.apache.http.wire:63)- >> "[\r][\n]"
DEBUG (org.apache.http.headers:273)- >> GET /LocalSearchService/V3/localSearch?appid=l6QevFbV34H1VKW58naZ8keJohc8NkMNvuWfVs2lR3ROJMtw63XOWBePbDcMBFfkDnU-&query=*&results=20&start=21&latitude=34.7519275&longitude=-92.131157&radius=186.93216448125804 HTTP/1.1
DEBUG (org.apache.http.headers:276)- >> Host: local.yahooapis.com
DEBUG (org.apache.http.headers:276)- >> Connection: Keep-Alive
